0 info it worked if it ends with ok
1 verbose cli [ 'node',
1 verbose cli   '/Users/jake/.nvm/v0.10.38/bin/npm',
1 verbose cli   'i',
1 verbose cli   'mapnik-test-data' ]
2 info using npm@2.9.1
3 info using node@v0.10.38
4 verbose install initial load of /Users/jake/Projects/detect-geocsv/package.json
5 warn package.json detect-geocsv@0.0.1 No repository field.
6 warn package.json detect-geocsv@0.0.1 No README data
7 verbose installManyTop reading scoped package data from /Users/jake/Projects/detect-geocsv/node_modules/geocsv-info/package.json
8 verbose installManyTop reading scoped package data from /Users/jake/Projects/detect-geocsv/node_modules/tape/package.json
9 verbose readDependencies loading dependencies from /Users/jake/Projects/detect-geocsv/package.json
10 silly cache add args [ 'mapnik-test-data', null ]
11 verbose cache add spec mapnik-test-data
12 silly cache add parsed spec { raw: 'mapnik-test-data',
12 silly cache add   scope: null,
12 silly cache add   name: 'mapnik-test-data',
12 silly cache add   rawSpec: '',
12 silly cache add   spec: '*',
12 silly cache add   type: 'range' }
13 silly addNamed mapnik-test-data@*
14 verbose addNamed "*" is a valid semver range for mapnik-test-data
15 silly addNameRange { name: 'mapnik-test-data', range: '*', hasData: false }
16 silly mapToRegistry name mapnik-test-data
17 silly mapToRegistry using default registry
18 silly mapToRegistry registry https://registry.npmjs.org/
19 silly mapToRegistry uri https://registry.npmjs.org/mapnik-test-data
20 verbose addNameRange registry:https://registry.npmjs.org/mapnik-test-data not in flight; fetching
21 verbose request uri https://registry.npmjs.org/mapnik-test-data
22 verbose request no auth needed
23 info attempt registry request try #1 at 23:43:56
24 verbose request id 664135d7d7ecab41
25 http request GET https://registry.npmjs.org/mapnik-test-data
26 http 404 https://registry.npmjs.org/mapnik-test-data
27 verbose headers { server: 'CouchDB/1.5.0 (Erlang OTP/R16B03)',
27 verbose headers   'content-type': 'application/json',
27 verbose headers   'cache-control': 'max-age=0',
27 verbose headers   'content-length': '51',
27 verbose headers   'accept-ranges': 'bytes',
27 verbose headers   date: 'Thu, 21 May 2015 03:43:57 GMT',
27 verbose headers   via: '1.1 varnish',
27 verbose headers   age: '0',
27 verbose headers   connection: 'keep-alive',
27 verbose headers   'x-served-by': 'cache-atl6224-ATL',
27 verbose headers   'x-cache': 'MISS',
27 verbose headers   'x-cache-hits': '0',
27 verbose headers   'x-timer': 'S1432179837.127329,VS0,VE335' }
28 silly get cb [ 404,
28 silly get   { server: 'CouchDB/1.5.0 (Erlang OTP/R16B03)',
28 silly get     'content-type': 'application/json',
28 silly get     'cache-control': 'max-age=0',
28 silly get     'content-length': '51',
28 silly get     'accept-ranges': 'bytes',
28 silly get     date: 'Thu, 21 May 2015 03:43:57 GMT',
28 silly get     via: '1.1 varnish',
28 silly get     age: '0',
28 silly get     connection: 'keep-alive',
28 silly get     'x-served-by': 'cache-atl6224-ATL',
28 silly get     'x-cache': 'MISS',
28 silly get     'x-cache-hits': '0',
28 silly get     'x-timer': 'S1432179837.127329,VS0,VE335' } ]
29 verbose stack Error: 404 Not Found: mapnik-test-data
29 verbose stack     at CachingRegistryClient.<anonymous> (/Users/jake/.nvm/v0.10.38/lib/node_modules/npm/node_modules/npm-registry-client/lib/request.js:245:14)
29 verbose stack     at Request._callback (/Users/jake/.nvm/v0.10.38/lib/node_modules/npm/node_modules/npm-registry-client/lib/request.js:170:14)
29 verbose stack     at Request.self.callback (/Users/jake/.nvm/v0.10.38/lib/node_modules/npm/node_modules/request/request.js:368:22)
29 verbose stack     at Request.emit (events.js:98:17)
29 verbose stack     at Request.<anonymous> (/Users/jake/.nvm/v0.10.38/lib/node_modules/npm/node_modules/request/request.js:1219:14)
29 verbose stack     at Request.emit (events.js:117:20)
29 verbose stack     at IncomingMessage.<anonymous> (/Users/jake/.nvm/v0.10.38/lib/node_modules/npm/node_modules/request/request.js:1167:12)
29 verbose stack     at IncomingMessage.emit (events.js:117:20)
29 verbose stack     at _stream_readable.js:944:16
29 verbose stack     at process._tickCallback (node.js:448:13)
30 verbose statusCode 404
31 verbose pkgid mapnik-test-data
32 verbose cwd /Users/jake/Projects/detect-geocsv
33 error Darwin 14.3.0
34 error argv "node" "/Users/jake/.nvm/v0.10.38/bin/npm" "i" "mapnik-test-data"
35 error node v0.10.38
36 error npm  v2.9.1
37 error code E404
38 error 404 Not Found: mapnik-test-data
38 error 404
38 error 404 'mapnik-test-data' is not in the npm registry.
38 error 404 You should bug the author to publish it (or use the name yourself!)
38 error 404 It was specified as a dependency of 'detect-geocsv'
38 error 404
38 error 404 Note that you can also install from a
38 error 404 tarball, folder, http url, or git url.
39 verbose exit [ 1, true ]
